2024-06-09 01:59:16,466 INFO: Microblog startup [in C:\!!!!!!JORGE\Programacion\Tutoriales\FLASK mega tutorial\Microblog-Flask\app\__init__.py:48]
2024-06-09 01:59:29,903 ERROR: Exception on /reset_password_request [POST] [in C:\!!!!!!JORGE\Programacion\Tutoriales\FLASK mega tutorial\Microblog-Flask\venv\Lib\site-packages\flask\app.py:838]
Traceback (most recent call last):
  File "C:\!!!!!!JORGE\Programacion\Tutoriales\FLASK mega tutorial\Microblog-Flask\venv\Lib\site-packages\flask\app.py", line 1473, in wsgi_app
    response = self.full_dispatch_request()
               ^^^^^^^^^^^^^^^^^^^^^^^^^^^^
  File "C:\!!!!!!JORGE\Programacion\Tutoriales\FLASK mega tutorial\Microblog-Flask\venv\Lib\site-packages\flask\app.py", line 882, in full_dispatch_request
    rv = self.handle_user_exception(e)
         ^^^^^^^^^^^^^^^^^^^^^^^^^^^^^
  File "C:\!!!!!!JORGE\Programacion\Tutoriales\FLASK mega tutorial\Microblog-Flask\venv\Lib\site-packages\flask\app.py", line 880, in full_dispatch_request
    rv = self.dispatch_request()
         ^^^^^^^^^^^^^^^^^^^^^^^
  File "C:\!!!!!!JORGE\Programacion\Tutoriales\FLASK mega tutorial\Microblog-Flask\venv\Lib\site-packages\flask\app.py", line 865, in dispatch_request
    return self.ensure_sync(self.view_functions[rule.endpoint])(**view_args)  # type: ignore[no-any-return]
           ^^^^^^^^^^^^^^^^^^^^^^^^^^^^^^^^^^^^^^^^^^^^^^^^^^^^^^^^^^^^^^^^^
  File "C:\!!!!!!JORGE\Programacion\Tutoriales\FLASK mega tutorial\Microblog-Flask\app\routes.py", line 179, in reset_password_request
    send_password_reset_email(user)
  File "C:\!!!!!!JORGE\Programacion\Tutoriales\FLASK mega tutorial\Microblog-Flask\app\email.py", line 23, in send_password_reset_email
    text_body=render_template('email/reset_password.txt',
              ^^^^^^^^^^^^^^^^^^^^^^^^^^^^^^^^^^^^^^^^^^^
  File "C:\!!!!!!JORGE\Programacion\Tutoriales\FLASK mega tutorial\Microblog-Flask\venv\Lib\site-packages\flask\templating.py", line 149, in render_template
    template = app.jinja_env.get_or_select_template(template_name_or_list)
               ^^^^^^^^^^^^^^^^^^^^^^^^^^^^^^^^^^^^^^^^^^^^^^^^^^^^^^^^^^^
  File "C:\!!!!!!JORGE\Programacion\Tutoriales\FLASK mega tutorial\Microblog-Flask\venv\Lib\site-packages\jinja2\environment.py", line 1084, in get_or_select_template
    return self.get_template(template_name_or_list, parent, globals)
           ^^^^^^^^^^^^^^^^^^^^^^^^^^^^^^^^^^^^^^^^^^^^^^^^^^^^^^^^^
  File "C:\!!!!!!JORGE\Programacion\Tutoriales\FLASK mega tutorial\Microblog-Flask\venv\Lib\site-packages\jinja2\environment.py", line 1013, in get_template
    return self._load_template(name, globals)
           ^^^^^^^^^^^^^^^^^^^^^^^^^^^^^^^^^^
  File "C:\!!!!!!JORGE\Programacion\Tutoriales\FLASK mega tutorial\Microblog-Flask\venv\Lib\site-packages\jinja2\environment.py", line 972, in _load_template
    template = self.loader.load(self, name, self.make_globals(globals))
               ^^^^^^^^^^^^^^^^^^^^^^^^^^^^^^^^^^^^^^^^^^^^^^^^^^^^^^^^
  File "C:\!!!!!!JORGE\Programacion\Tutoriales\FLASK mega tutorial\Microblog-Flask\venv\Lib\site-packages\jinja2\loaders.py", line 126, in load
    source, filename, uptodate = self.get_source(environment, name)
                                 ^^^^^^^^^^^^^^^^^^^^^^^^^^^^^^^^^^
  File "C:\!!!!!!JORGE\Programacion\Tutoriales\FLASK mega tutorial\Microblog-Flask\venv\Lib\site-packages\flask\templating.py", line 65, in get_source
    return self._get_source_fast(environment, template)
           ^^^^^^^^^^^^^^^^^^^^^^^^^^^^^^^^^^^^^^^^^^^^
  File "C:\!!!!!!JORGE\Programacion\Tutoriales\FLASK mega tutorial\Microblog-Flask\venv\Lib\site-packages\flask\templating.py", line 99, in _get_source_fast
    raise TemplateNotFound(template)
jinja2.exceptions.TemplateNotFound: email/reset_password.txt
2024-06-09 01:59:53,189 INFO: Microblog startup [in C:\!!!!!!JORGE\Programacion\Tutoriales\FLASK mega tutorial\Microblog-Flask\app\__init__.py:48]
2024-06-09 02:05:24,262 INFO: Microblog startup [in C:\!!!!!!JORGE\Programacion\Tutoriales\FLASK mega tutorial\Microblog-Flask\app\__init__.py:48]
2024-06-09 02:11:51,156 INFO: Microblog startup [in C:\!!!!!!JORGE\Programacion\Tutoriales\FLASK mega tutorial\Microblog-Flask\app\__init__.py:48]
2024-06-09 02:16:41,097 INFO: Microblog startup [in C:\!!!!!!JORGE\Programacion\Tutoriales\FLASK mega tutorial\Microblog-Flask\app\__init__.py:46]
2024-06-09 02:19:49,984 INFO: Microblog startup [in C:\!!!!!!JORGE\Programacion\Tutoriales\FLASK mega tutorial\Microblog-Flask\app\__init__.py:45]
2024-06-09 02:34:39,950 INFO: Microblog startup [in C:\!!!!!!JORGE\Programacion\Tutoriales\FLASK mega tutorial\Microblog-Flask\app\__init__.py:45]
